nohup: ignoring input
+ TabPFN available
+ TabICLv2 available
+ XBART available
Loaded SDSS: n=500,000, d=5
Policy runtime device: cuda
Sample sizes: 1,000, 10,000, 50,000, 100,000, 250,000, 500,000
Repetitions per sample size: 2
Run tag: split42_sub42

========================================================================
SDSS-1000  (n=1,000, d=5)
========================================================================
Selected methods:
  - LinearGauss-Homo
  - LinearGauss-Hetero
  - Student-t
  - LogNormal-Homo
  - LogNormal-Hetero
  - Gamma-GLM
  - LinGauss-Homo-Ridge
  - LinGauss-Hetero-Ridge
  - Student-t-Ridge
  - LogNormal-Homo-Ridge
  - LogNormal-Hetero-Ridge
  - Gamma-GLM-Ridge
  - TabPFN-Native
  - TabPFN-2.5
  - RealTabPFN-2.5
  - TabICL-Quantiles
  - Quantile-Tree
  - MDN
  - Flow-Spline
  - BART-Homo
  - BART-Hetero
  - FlexCode-RF
  - CatMLP

  ── rep 1/2 (seed=42, subsample_seed=42) ──

Running SDSS-1000: LinearGauss-Homo

======================================================================
  SDSS-1000  (train=750, test=250, d=5)
======================================================================
  LinearGauss-Homo... CDE=-5.0796, LL=1.362, CRPS=0.0315, KS=0.158

Running SDSS-1000: LinearGauss-Hetero

======================================================================
  SDSS-1000  (train=750, test=250, d=5)
======================================================================
  [resume] 1 method(s) already done: LinearGauss-Homo
  LinearGauss-Hetero... CDE=-4.1430, LL=1.144, CRPS=0.0305, KS=0.130

Running SDSS-1000: Student-t

======================================================================
  SDSS-1000  (train=750, test=250, d=5)
======================================================================
  [resume] 2 method(s) already done: LinearGauss-Homo, LinearGauss-Hetero
  Student-t... CDE=-5.8396, LL=1.515, CRPS=0.0299, KS=0.087

Running SDSS-1000: LogNormal-Homo

======================================================================
  SDSS-1000  (train=750, test=250, d=5)
======================================================================
  [resume] 3 method(s) already done: LinearGauss-Homo, LinearGauss-Hetero, Student-t
  LogNormal-Homo... CDE=-4.2206, LL=1.088, CRPS=0.0416, KS=0.180

Running SDSS-1000: LogNormal-Hetero

======================================================================
  SDSS-1000  (train=750, test=250, d=5)
======================================================================
  [resume] 4 method(s) already done: LinearGauss-Homo, LinearGauss-Hetero, Student-t, LogNormal-Homo
  LogNormal-Hetero... CDE=-2.3489, LL=0.767, CRPS=0.0451, KS=0.162

Running SDSS-1000: Gamma-GLM

======================================================================
  SDSS-1000  (train=750, test=250, d=5)
======================================================================
  [resume] 5 method(s) already done: LinearGauss-Homo, LinearGauss-Hetero, Student-t, LogNormal-Homo, LogNormal-Hetero
  Gamma-GLM... CDE=-4.1391, LL=1.110, CRPS=0.0420, KS=0.157

Running SDSS-1000: LinGauss-Homo-Ridge

======================================================================
  SDSS-1000  (train=750, test=250, d=5)
======================================================================
  [resume] 6 method(s) already done: LinearGauss-Homo, LinearGauss-Hetero, Student-t, LogNormal-Homo, LogNormal-Hetero, Gamma-GLM
  LinGauss-Homo-Ridge... CDE=-5.0790, LL=1.364, CRPS=0.0314, KS=0.159

Running SDSS-1000: LinGauss-Hetero-Ridge

======================================================================
  SDSS-1000  (train=750, test=250, d=5)
======================================================================
  [resume] 7 method(s) already done: LinearGauss-Homo, LinearGauss-Hetero, Student-t, LogNormal-Homo, LogNormal-Hetero, Gamma-GLM, LinGauss-Homo-Ridge
  LinGauss-Hetero-Ridge... CDE=-4.2911, LL=1.150, CRPS=0.0304, KS=0.128

Running SDSS-1000: Student-t-Ridge

======================================================================
  SDSS-1000  (train=750, test=250, d=5)
======================================================================
  [resume] 8 method(s) already done: LinearGauss-Homo, LinearGauss-Hetero, Student-t, LogNormal-Homo, LogNormal-Hetero, Gamma-GLM, LinGauss-Homo-Ridge, LinGauss-Hetero-Ridge
  Student-t-Ridge... CDE=-5.8418, LL=1.516, CRPS=0.0299, KS=0.088

Running SDSS-1000: LogNormal-Homo-Ridge

======================================================================
  SDSS-1000  (train=750, test=250, d=5)
======================================================================
  [resume] 9 method(s) already done: LinearGauss-Homo, LinearGauss-Hetero, Student-t, LogNormal-Homo, LogNormal-Hetero, Gamma-GLM, LinGauss-Homo-Ridge, LinGauss-Hetero-Ridge, Student-t-Ridge
  LogNormal-Homo-Ridge... CDE=-4.2274, LL=1.086, CRPS=0.0416, KS=0.178

Running SDSS-1000: LogNormal-Hetero-Ridge

======================================================================
  SDSS-1000  (train=750, test=250, d=5)
======================================================================
  [resume] 10 method(s) already done: LinearGauss-Homo, LinearGauss-Hetero, Student-t, LogNormal-Homo, LogNormal-Hetero, Gamma-GLM, LinGauss-Homo-Ridge, LinGauss-Hetero-Ridge, Student-t-Ridge, LogNormal-Homo-Ridge
  LogNormal-Hetero-Ridge... CDE=-2.4284, LL=0.755, CRPS=0.0447, KS=0.159

Running SDSS-1000: Gamma-GLM-Ridge

======================================================================
  SDSS-1000  (train=750, test=250, d=5)
======================================================================
  [resume] 11 method(s) already done: LinearGauss-Homo, LinearGauss-Hetero, Student-t, LogNormal-Homo, LogNormal-Hetero, Gamma-GLM, LinGauss-Homo-Ridge, LinGauss-Hetero-Ridge, Student-t-Ridge, LogNormal-Homo-Ridge, LogNormal-Hetero-Ridge
  Gamma-GLM-Ridge... CDE=-3.1645, LL=0.877, CRPS=0.0561, KS=0.174

Running SDSS-1000: TabPFN-Native

======================================================================
  SDSS-1000  (train=750, test=250, d=5)
======================================================================
  [resume] 12 method(s) already done: LinearGauss-Homo, LinearGauss-Hetero, Student-t, LogNormal-Homo, LogNormal-Hetero, Gamma-GLM, LinGauss-Homo-Ridge, LinGauss-Hetero-Ridge, Student-t-Ridge, LogNormal-Homo-Ridge, LogNormal-Hetero-Ridge, Gamma-GLM-Ridge
  TabPFN-Native... [bar dist] CDE=-10.2543, LL=1.998, CRPS=0.0234, KS=0.042

Running SDSS-1000: TabPFN-2.5

======================================================================
  SDSS-1000  (train=750, test=250, d=5)
======================================================================
  [resume] 13 method(s) already done: LinearGauss-Homo, LinearGauss-Hetero, Student-t, LogNormal-Homo, LogNormal-Hetero, Gamma-GLM, LinGauss-Homo-Ridge, LinGauss-Hetero-Ridge, Student-t-Ridge, LogNormal-Homo-Ridge, LogNormal-Hetero-Ridge, Gamma-GLM-Ridge, TabPFN-Native
  TabPFN-2.5... [bar dist] CDE=-10.2543, LL=1.998, CRPS=0.0234, KS=0.042

Running SDSS-1000: RealTabPFN-2.5

======================================================================
  SDSS-1000  (train=750, test=250, d=5)
======================================================================
  [resume] 14 method(s) already done: LinearGauss-Homo, LinearGauss-Hetero, Student-t, LogNormal-Homo, LogNormal-Hetero, Gamma-GLM, LinGauss-Homo-Ridge, LinGauss-Hetero-Ridge, Student-t-Ridge, LogNormal-Homo-Ridge, LogNormal-Hetero-Ridge, Gamma-GLM-Ridge, TabPFN-Native, TabPFN-2.5
  RealTabPFN-2.5... [bar dist] CDE=-10.2512, LL=2.000, CRPS=0.0232, KS=0.038

Running SDSS-1000: TabICL-Quantiles

======================================================================
  SDSS-1000  (train=750, test=250, d=5)
======================================================================
  [resume] 15 method(s) already done: LinearGauss-Homo, LinearGauss-Hetero, Student-t, LogNormal-Homo, LogNormal-Hetero, Gamma-GLM, LinGauss-Homo-Ridge, LinGauss-Hetero-Ridge, Student-t-Ridge, LogNormal-Homo-Ridge, LogNormal-Hetero-Ridge, Gamma-GLM-Ridge, TabPFN-Native, TabPFN-2.5, RealTabPFN-2.5
  TabICL-Quantiles... [199 quantiles] CDE=-10.1586, LL=1.903, CRPS=0.0238, KS=0.039

Running SDSS-1000: Quantile-Tree

======================================================================
  SDSS-1000  (train=750, test=250, d=5)
======================================================================
  [resume] 16 method(s) already done: LinearGauss-Homo, LinearGauss-Hetero, Student-t, LogNormal-Homo, LogNormal-Hetero, Gamma-GLM, LinGauss-Homo-Ridge, LinGauss-Hetero-Ridge, Student-t-Ridge, LogNormal-Homo-Ridge, LogNormal-Hetero-Ridge, Gamma-GLM-Ridge, TabPFN-Native, TabPFN-2.5, RealTabPFN-2.5, TabICL-Quantiles
  Quantile-Tree...     [tune] config 0: {'n_estimators': 200, 'max_depth': 3, 'learning_rate': 0.2} -> CDE=-2.8120
    [tune] config 1: {'n_estimators': 200, 'max_depth': 3, 'learning_rate': 0.05} -> CDE=-2.7775
    [tune] config 2: {'n_estimators': 200, 'max_depth': 4, 'learning_rate': 0.2} -> CDE=-2.5216
    [tune] config 3: {'n_estimators': 200, 'max_depth': 6, 'learning_rate': 0.2} -> CDE=-1.9950
    [tune] config 4: {'n_estimators': 50, 'max_depth': 6, 'learning_rate': 0.1} -> CDE=-2.8283
    [tune] config 5: {'n_estimators': 50, 'max_depth': 4, 'learning_rate': 0.1} -> CDE=-3.5772
    [tune] config 6: {'n_estimators': 100, 'max_depth': 4, 'learning_rate': 0.05} -> CDE=-3.1007
    [tune] config 7: {'n_estimators': 50, 'max_depth': 4, 'learning_rate': 0.1} -> CDE=-3.5772
    [tune] best: {'n_estimators': 50, 'max_depth': 4, 'learning_rate': 0.1} -> CDE=-3.5772
CDE=-4.6550, LL=0.612, CRPS=0.0315, KS=0.032

Running SDSS-1000: MDN

======================================================================
  SDSS-1000  (train=750, test=250, d=5)
======================================================================
  [resume] 17 method(s) already done: LinearGauss-Homo, LinearGauss-Hetero, Student-t, LogNormal-Homo, LogNormal-Hetero, Gamma-GLM, LinGauss-Homo-Ridge, LinGauss-Hetero-Ridge, Student-t-Ridge, LogNormal-Homo-Ridge, LogNormal-Hetero-Ridge, Gamma-GLM-Ridge, TabPFN-Native, TabPFN-2.5, RealTabPFN-2.5, TabICL-Quantiles, Quantile-Tree
  MDN...     [tune] config 0: {'n_components': 5, 'n_hidden': 16, 'lr': 0.02, 'n_epochs': 800} -> CDE=-5.8968
    [tune] config 1: {'n_components': 2, 'n_hidden': 16, 'lr': 0.02, 'n_epochs': 500} -> CDE=-6.4102
    [tune] config 2: {'n_components': 5, 'n_hidden': 64, 'lr': 0.02, 'n_epochs': 800} -> CDE=-6.3115
    [tune] config 3: {'n_components': 2, 'n_hidden': 64, 'lr': 0.01, 'n_epochs': 300} -> CDE=-7.1088
    [tune] config 4: {'n_components': 3, 'n_hidden': 32, 'lr': 0.01, 'n_epochs': 500} -> CDE=-6.5986
    [tune] config 5: {'n_components': 2, 'n_hidden': 16, 'lr': 0.01, 'n_epochs': 500} -> CDE=-6.2570
    [tune] config 6: {'n_components': 2, 'n_hidden': 16, 'lr': 0.005, 'n_epochs': 800} -> CDE=-6.5675
    [tune] config 7: {'n_components': 5, 'n_hidden': 64, 'lr': 0.01, 'n_epochs': 800} -> CDE=-6.2210
    [tune] best: {'n_components': 2, 'n_hidden': 64, 'lr': 0.01, 'n_epochs': 300} -> CDE=-7.1088
CDE=-7.9875, LL=1.776, CRPS=0.0258, KS=0.059

Running SDSS-1000: Flow-Spline

======================================================================
  SDSS-1000  (train=750, test=250, d=5)
======================================================================
  [resume] 18 method(s) already done: LinearGauss-Homo, LinearGauss-Hetero, Student-t, LogNormal-Homo, LogNormal-Hetero, Gamma-GLM, LinGauss-Homo-Ridge, LinGauss-Hetero-Ridge, Student-t-Ridge, LogNormal-Homo-Ridge, LogNormal-Hetero-Ridge, Gamma-GLM-Ridge, TabPFN-Native, TabPFN-2.5, RealTabPFN-2.5, TabICL-Quantiles, Quantile-Tree, MDN
  Flow-Spline...     [tune] config 0: {'n_bins': 12, 'n_layers': 2, 'hidden_units': 128, 'lr': 0.005, 'weight_decay': 1e-06} -> CDE=-6.2467
    [tune] config 1: {'n_bins': 4, 'n_layers': 4, 'hidden_units': 64, 'lr': 0.005, 'weight_decay': 0.0001} -> CDE=-5.6697
    [tune] config 2: {'n_bins': 12, 'n_layers': 4, 'hidden_units': 32, 'lr': 0.005, 'weight_decay': 1e-05} -> CDE=-5.2972
    [tune] config 3: {'n_bins': 4, 'n_layers': 3, 'hidden_units': 64, 'lr': 0.002, 'weight_decay': 1e-05} -> CDE=-5.8342
    [tune] config 4: {'n_bins': 4, 'n_layers': 2, 'hidden_units': 64, 'lr': 0.002, 'weight_decay': 1e-06} -> CDE=-6.2898
    [tune] config 5: {'n_bins': 4, 'n_layers': 2, 'hidden_units': 128, 'lr': 0.005, 'weight_decay': 0.0001} -> CDE=-6.8502
    [tune] config 6: {'n_bins': 8, 'n_layers': 4, 'hidden_units': 64, 'lr': 0.002, 'weight_decay': 0.0001} -> CDE=-5.7530
    [tune] config 7: {'n_bins': 8, 'n_layers': 4, 'hidden_units': 128, 'lr': 0.001, 'weight_decay': 0.0001} -> CDE=-5.6634
    [tune] best: {'n_bins': 4, 'n_layers': 2, 'hidden_units': 128, 'lr': 0.005, 'weight_decay': 0.0001} -> CDE=-6.8502
CDE=-8.3436, LL=1.841, CRPS=0.0248, KS=0.041

Running SDSS-1000: BART-Homo

======================================================================
  SDSS-1000  (train=750, test=250, d=5)
======================================================================
  [resume] 19 method(s) already done: LinearGauss-Homo, LinearGauss-Hetero, Student-t, LogNormal-Homo, LogNormal-Hetero, Gamma-GLM, LinGauss-Homo-Ridge, LinGauss-Hetero-Ridge, Student-t-Ridge, LogNormal-Homo-Ridge, LogNormal-Hetero-Ridge, Gamma-GLM-Ridge, TabPFN-Native, TabPFN-2.5, RealTabPFN-2.5, TabICL-Quantiles, Quantile-Tree, MDN, Flow-Spline
  BART-Homo...     [tune] config 0: {'num_trees': 50, 'num_sweeps': 40} -> CDE=-3.7111
    [tune] config 1: {'num_trees': 50, 'num_sweeps': 80} -> CDE=-3.7422
    [tune] config 2: {'num_trees': 20, 'num_sweeps': 40} -> CDE=-3.5530
    [tune] config 3: {'num_trees': 50, 'num_sweeps': 60} -> CDE=-3.7311
    [tune] config 4: {'num_trees': 50, 'num_sweeps': 80} -> CDE=-3.7422
    [tune] config 5: {'num_trees': 50, 'num_sweeps': 80} -> CDE=-3.7422
    [tune] config 6: {'num_trees': 20, 'num_sweeps': 80} -> CDE=-3.6265
    [tune] config 7: {'num_trees': 30, 'num_sweeps': 40} -> CDE=-3.6474
    [tune] best: {'num_trees': 50, 'num_sweeps': 80} -> CDE=-3.7422
CDE=-4.4129, LL=1.243, CRPS=0.0345, KS=0.179

Running SDSS-1000: BART-Hetero

======================================================================
  SDSS-1000  (train=750, test=250, d=5)
======================================================================
  [resume] 20 method(s) already done: LinearGauss-Homo, LinearGauss-Hetero, Student-t, LogNormal-Homo, LogNormal-Hetero, Gamma-GLM, LinGauss-Homo-Ridge, LinGauss-Hetero-Ridge, Student-t-Ridge, LogNormal-Homo-Ridge, LogNormal-Hetero-Ridge, Gamma-GLM-Ridge, TabPFN-Native, TabPFN-2.5, RealTabPFN-2.5, TabICL-Quantiles, Quantile-Tree, MDN, Flow-Spline, BART-Homo
  BART-Hetero... 